wandb: Using wandb-core as the SDK backend.  Please refer to https://wandb.me/wandb-core for more information.
wandb: Currently logged in as: sjaiswa3 (diffusion-stepbystep) to https://api.wandb.ai. Use `wandb login --relogin` to force relogin
wandb: Tracking run with wandb version 0.19.9
wandb: Run data is saved locally in /data/user_data/mprabhud/shantanu/vlr_project_logs2/wandb/run-20250421_233744-v8sz8a08
wandb: Run `wandb offline` to turn off syncing.
wandb: Syncing run 128x4
wandb: â­ï¸ View project at https://wandb.ai/diffusion-stepbystep/vlr-project
wandb: ðŸš€ View run at https://wandb.ai/diffusion-stepbystep/vlr-project/runs/v8sz8a08
Run id: v8sz8a08
SLURM_JOB_ID: 4618862
SLURM_ARRAY_TASK_ID: N/A
/data/user_data/mprabhud/mamba/envs/vlr_project/lib/python3.13/site-packages/lightning/fabric/plugins/environments/slurm.py:204: The `srun` command is available on your system but is not used. HINT: If your intention is to run Lightning on SLURM, prepend your python command with `srun` like so: srun python train.py patch_size=128 num_layers=4 exp_group=vary_ ...
GPU available: True (cuda), used: True
TPU available: False, using: 0 TPU cores
HPU available: False, using: 0 HPUs
You are using a CUDA device ('NVIDIA L40') that has Tensor Cores. To properly utilize them, you should set `torch.set_float32_matmul_precision('medium' | 'high')` which will trade-off precision for performance. For more details, read https://pytorch.org/docs/stable/generated/torch.set_float32_matmul_precision.html#torch.set_float32_matmul_precision
LOCAL_RANK: 0 - CUDA_VISIBLE_DEVICES: [0]

  | Name            | Type             | Params | Mode 
-------------------------------------------------------------
0 | model           | ViT              | 84.0 M | train
1 | resize_image    | Compose          | 0      | train
2 | norm_image      | Compose          | 0      | train
3 | resize_and_norm | Compose          | 0      | train
4 | crit            | CrossEntropyLoss | 0      | train
-------------------------------------------------------------
84.0 M    Trainable params
0         Non-trainable params
84.0 M    Total params
336.146   Total estimated model params size (MB)
64        Modules in train mode
0         Modules in eval mode
Metric val/t1_acc improved. New best score: 0.332
Metric val/t1_acc improved by 0.465 >= min_delta = 0.001. New best score: 0.797
Metric val/t1_acc improved by 0.055 >= min_delta = 0.001. New best score: 0.853
Metric val/t1_acc improved by 0.017 >= min_delta = 0.001. New best score: 0.870
Metric val/t1_acc improved by 0.017 >= min_delta = 0.001. New best score: 0.886
Metric val/t1_acc improved by 0.016 >= min_delta = 0.001. New best score: 0.902
Metric val/t1_acc improved by 0.005 >= min_delta = 0.001. New best score: 0.907
Metric val/t1_acc improved by 0.002 >= min_delta = 0.001. New best score: 0.909
Metric val/t1_acc improved by 0.013 >= min_delta = 0.001. New best score: 0.922
Metric val/t1_acc improved by 0.004 >= min_delta = 0.001. New best score: 0.926
Metric val/t1_acc improved by 0.012 >= min_delta = 0.001. New best score: 0.938
Metric val/t1_acc improved by 0.004 >= min_delta = 0.001. New best score: 0.941
Metric val/t1_acc improved by 0.003 >= min_delta = 0.001. New best score: 0.944
Metric val/t1_acc improved by 0.001 >= min_delta = 0.001. New best score: 0.945
Metric val/t1_acc improved by 0.001 >= min_delta = 0.001. New best score: 0.946
Metric val/t1_acc improved by 0.003 >= min_delta = 0.001. New best score: 0.949
Metric val/t1_acc improved by 0.002 >= min_delta = 0.001. New best score: 0.951
Metric val/t1_acc improved by 0.002 >= min_delta = 0.001. New best score: 0.953
Metric val/t1_acc improved by 0.001 >= min_delta = 0.001. New best score: 0.954
Metric val/t1_acc improved by 0.006 >= min_delta = 0.001. New best score: 0.960
Monitored metric val/t1_acc did not improve in the last 10 records. Best score: 0.960. Signaling Trainer to stop.
