wandb: Using wandb-core as the SDK backend.  Please refer to https://wandb.me/wandb-core for more information.
wandb: Currently logged in as: sjaiswa3 (diffusion-stepbystep) to https://api.wandb.ai. Use `wandb login --relogin` to force relogin
wandb: Tracking run with wandb version 0.19.9
wandb: Run data is saved locally in /data/user_data/mprabhud/shantanu/vlr_project_logs2/wandb/run-20250421_233741-ofgwgiut
wandb: Run `wandb offline` to turn off syncing.
wandb: Syncing run 64x2
wandb: â­ï¸ View project at https://wandb.ai/diffusion-stepbystep/vlr-project
wandb: ðŸš€ View run at https://wandb.ai/diffusion-stepbystep/vlr-project/runs/ofgwgiut
Run id: ofgwgiut
SLURM_JOB_ID: 4618860
SLURM_ARRAY_TASK_ID: N/A
/data/user_data/mprabhud/mamba/envs/vlr_project/lib/python3.13/site-packages/lightning/fabric/plugins/environments/slurm.py:204: The `srun` command is available on your system but is not used. HINT: If your intention is to run Lightning on SLURM, prepend your python command with `srun` like so: srun python train.py patch_size=64 num_layers=2 exp_group=vary_p ...
GPU available: True (cuda), used: True
TPU available: False, using: 0 TPU cores
HPU available: False, using: 0 HPUs
You are using a CUDA device ('NVIDIA RTX 6000 Ada Generation') that has Tensor Cores. To properly utilize them, you should set `torch.set_float32_matmul_precision('medium' | 'high')` which will trade-off precision for performance. For more details, read https://pytorch.org/docs/stable/generated/torch.set_float32_matmul_precision.html#torch.set_float32_matmul_precision
LOCAL_RANK: 0 - CUDA_VISIBLE_DEVICES: [0]

  | Name            | Type             | Params | Mode 
-------------------------------------------------------------
0 | model           | ViT              | 29.5 M | train
1 | resize_image    | Compose          | 0      | train
2 | norm_image      | Compose          | 0      | train
3 | resize_and_norm | Compose          | 0      | train
4 | crit            | CrossEntropyLoss | 0      | train
-------------------------------------------------------------
29.5 M    Trainable params
0         Non-trainable params
29.5 M    Total params
117.887   Total estimated model params size (MB)
40        Modules in train mode
0         Modules in eval mode
Metric val/t1_acc improved. New best score: 0.027
Metric val/t1_acc improved by 0.011 >= min_delta = 0.001. New best score: 0.039
Metric val/t1_acc improved by 0.054 >= min_delta = 0.001. New best score: 0.092
Metric val/t1_acc improved by 0.058 >= min_delta = 0.001. New best score: 0.151
Metric val/t1_acc improved by 0.056 >= min_delta = 0.001. New best score: 0.206
Metric val/t1_acc improved by 0.049 >= min_delta = 0.001. New best score: 0.256
Metric val/t1_acc improved by 0.041 >= min_delta = 0.001. New best score: 0.297
Metric val/t1_acc improved by 0.024 >= min_delta = 0.001. New best score: 0.321
Metric val/t1_acc improved by 0.017 >= min_delta = 0.001. New best score: 0.338
Metric val/t1_acc improved by 0.020 >= min_delta = 0.001. New best score: 0.357
Metric val/t1_acc improved by 0.014 >= min_delta = 0.001. New best score: 0.372
Metric val/t1_acc improved by 0.007 >= min_delta = 0.001. New best score: 0.378
Metric val/t1_acc improved by 0.009 >= min_delta = 0.001. New best score: 0.387
Metric val/t1_acc improved by 0.009 >= min_delta = 0.001. New best score: 0.396
Metric val/t1_acc improved by 0.010 >= min_delta = 0.001. New best score: 0.406
Metric val/t1_acc improved by 0.004 >= min_delta = 0.001. New best score: 0.410
Metric val/t1_acc improved by 0.008 >= min_delta = 0.001. New best score: 0.418
Metric val/t1_acc improved by 0.002 >= min_delta = 0.001. New best score: 0.420
Monitored metric val/t1_acc did not improve in the last 10 records. Best score: 0.420. Signaling Trainer to stop.
