wandb: Using wandb-core as the SDK backend.  Please refer to https://wandb.me/wandb-core for more information.
wandb: Currently logged in as: sjaiswa3 (diffusion-stepbystep) to https://api.wandb.ai. Use `wandb login --relogin` to force relogin
wandb: Tracking run with wandb version 0.19.9
wandb: Run data is saved locally in /data/user_data/mprabhud/shantanu/vlr_project_logs2/wandb/run-20250421_233744-1pbq1bh6
wandb: Run `wandb offline` to turn off syncing.
wandb: Syncing run 128x2
wandb: â­ï¸ View project at https://wandb.ai/diffusion-stepbystep/vlr-project
wandb: ðŸš€ View run at https://wandb.ai/diffusion-stepbystep/vlr-project/runs/1pbq1bh6
Run id: 1pbq1bh6
SLURM_JOB_ID: 4618863
SLURM_ARRAY_TASK_ID: N/A
/data/user_data/mprabhud/mamba/envs/vlr_project/lib/python3.13/site-packages/lightning/fabric/plugins/environments/slurm.py:204: The `srun` command is available on your system but is not used. HINT: If your intention is to run Lightning on SLURM, prepend your python command with `srun` like so: srun python train.py patch_size=128 num_layers=2 exp_group=vary_ ...
GPU available: True (cuda), used: True
TPU available: False, using: 0 TPU cores
HPU available: False, using: 0 HPUs
You are using a CUDA device ('NVIDIA L40') that has Tensor Cores. To properly utilize them, you should set `torch.set_float32_matmul_precision('medium' | 'high')` which will trade-off precision for performance. For more details, read https://pytorch.org/docs/stable/generated/torch.set_float32_matmul_precision.html#torch.set_float32_matmul_precision
LOCAL_RANK: 0 - CUDA_VISIBLE_DEVICES: [0]

  | Name            | Type             | Params | Mode 
-------------------------------------------------------------
0 | model           | ViT              | 67.2 M | train
1 | resize_image    | Compose          | 0      | train
2 | norm_image      | Compose          | 0      | train
3 | resize_and_norm | Compose          | 0      | train
4 | crit            | CrossEntropyLoss | 0      | train
-------------------------------------------------------------
67.2 M    Trainable params
0         Non-trainable params
67.2 M    Total params
268.980   Total estimated model params size (MB)
40        Modules in train mode
0         Modules in eval mode
Metric val/t1_acc improved. New best score: 0.310
Metric val/t1_acc improved by 0.326 >= min_delta = 0.001. New best score: 0.636
Metric val/t1_acc improved by 0.088 >= min_delta = 0.001. New best score: 0.724
Metric val/t1_acc improved by 0.039 >= min_delta = 0.001. New best score: 0.763
Metric val/t1_acc improved by 0.031 >= min_delta = 0.001. New best score: 0.794
Metric val/t1_acc improved by 0.007 >= min_delta = 0.001. New best score: 0.801
Metric val/t1_acc improved by 0.017 >= min_delta = 0.001. New best score: 0.818
Metric val/t1_acc improved by 0.008 >= min_delta = 0.001. New best score: 0.826
Metric val/t1_acc improved by 0.004 >= min_delta = 0.001. New best score: 0.831
Metric val/t1_acc improved by 0.002 >= min_delta = 0.001. New best score: 0.833
Metric val/t1_acc improved by 0.008 >= min_delta = 0.001. New best score: 0.841
Metric val/t1_acc improved by 0.009 >= min_delta = 0.001. New best score: 0.849
Metric val/t1_acc improved by 0.005 >= min_delta = 0.001. New best score: 0.854
Metric val/t1_acc improved by 0.005 >= min_delta = 0.001. New best score: 0.859
Metric val/t1_acc improved by 0.002 >= min_delta = 0.001. New best score: 0.861
Metric val/t1_acc improved by 0.005 >= min_delta = 0.001. New best score: 0.866
Metric val/t1_acc improved by 0.003 >= min_delta = 0.001. New best score: 0.869
Metric val/t1_acc improved by 0.002 >= min_delta = 0.001. New best score: 0.870
Metric val/t1_acc improved by 0.014 >= min_delta = 0.001. New best score: 0.885
Metric val/t1_acc improved by 0.002 >= min_delta = 0.001. New best score: 0.887
Metric val/t1_acc improved by 0.005 >= min_delta = 0.001. New best score: 0.891
Metric val/t1_acc improved by 0.001 >= min_delta = 0.001. New best score: 0.893
Metric val/t1_acc improved by 0.004 >= min_delta = 0.001. New best score: 0.897
Monitored metric val/t1_acc did not improve in the last 10 records. Best score: 0.897. Signaling Trainer to stop.
