wandb: Using wandb-core as the SDK backend.  Please refer to https://wandb.me/wandb-core for more information.
wandb: Currently logged in as: sjaiswa3 (diffusion-stepbystep) to https://api.wandb.ai. Use `wandb login --relogin` to force relogin
wandb: Tracking run with wandb version 0.19.9
wandb: Run data is saved locally in /data/user_data/mprabhud/shantanu/vlr_project_logs2/wandb/run-20250421_233744-kfgxf1mo
wandb: Run `wandb offline` to turn off syncing.
wandb: Syncing run 32x4
wandb: â­ï¸ View project at https://wandb.ai/diffusion-stepbystep/vlr-project
wandb: ðŸš€ View run at https://wandb.ai/diffusion-stepbystep/vlr-project/runs/kfgxf1mo
Run id: kfgxf1mo
SLURM_JOB_ID: 4618856
SLURM_ARRAY_TASK_ID: N/A
/data/user_data/mprabhud/mamba/envs/vlr_project/lib/python3.13/site-packages/lightning/fabric/plugins/environments/slurm.py:204: The `srun` command is available on your system but is not used. HINT: If your intention is to run Lightning on SLURM, prepend your python command with `srun` like so: srun python train.py patch_size=32 num_layers=4 exp_group=vary_p ...
GPU available: True (cuda), used: True
TPU available: False, using: 0 TPU cores
HPU available: False, using: 0 HPUs
You are using a CUDA device ('NVIDIA RTX A6000') that has Tensor Cores. To properly utilize them, you should set `torch.set_float32_matmul_precision('medium' | 'high')` which will trade-off precision for performance. For more details, read https://pytorch.org/docs/stable/generated/torch.set_float32_matmul_precision.html#torch.set_float32_matmul_precision
Initializing distributed: GLOBAL_RANK: 0, MEMBER: 1/2
Initializing distributed: GLOBAL_RANK: 1, MEMBER: 2/2
----------------------------------------------------------------------------------------------------
distributed_backend=nccl
All distributed processes registered. Starting with 2 processes
----------------------------------------------------------------------------------------------------

LOCAL_RANK: 0 - CUDA_VISIBLE_DEVICES: [0,1]
LOCAL_RANK: 1 - CUDA_VISIBLE_DEVICES: [0,1]

  | Name            | Type             | Params | Mode 
-------------------------------------------------------------
0 | model           | ViT              | 37.0 M | train
1 | resize_image    | Compose          | 0      | train
2 | norm_image      | Compose          | 0      | train
3 | resize_and_norm | Compose          | 0      | train
4 | crit            | CrossEntropyLoss | 0      | train
-------------------------------------------------------------
37.0 M    Trainable params
0         Non-trainable params
37.0 M    Total params
148.018   Total estimated model params size (MB)
64        Modules in train mode
0         Modules in eval mode
[rank: 0] Metric val/t1_acc improved. New best score: 0.007
[rank: 1] Metric val/t1_acc improved. New best score: 0.007
[rank: 1] Metric val/t1_acc improved by 0.002 >= min_delta = 0.001. New best score: 0.009
[rank: 0] Metric val/t1_acc improved by 0.002 >= min_delta = 0.001. New best score: 0.009
[rank: 0] Metric val/t1_acc improved by 0.003 >= min_delta = 0.001. New best score: 0.011
[rank: 1] Metric val/t1_acc improved by 0.003 >= min_delta = 0.001. New best score: 0.011
[rank: 1] Metric val/t1_acc improved by 0.003 >= min_delta = 0.001. New best score: 0.014
[rank: 0] Metric val/t1_acc improved by 0.003 >= min_delta = 0.001. New best score: 0.014
[rank: 0] Metric val/t1_acc improved by 0.002 >= min_delta = 0.001. New best score: 0.016
[rank: 1] Metric val/t1_acc improved by 0.002 >= min_delta = 0.001. New best score: 0.016
[rank: 1] Metric val/t1_acc improved by 0.004 >= min_delta = 0.001. New best score: 0.020
[rank: 0] Metric val/t1_acc improved by 0.004 >= min_delta = 0.001. New best score: 0.020
[rank: 1] Metric val/t1_acc improved by 0.007 >= min_delta = 0.001. New best score: 0.027
[rank: 0] Metric val/t1_acc improved by 0.007 >= min_delta = 0.001. New best score: 0.027
[rank: 0] Metric val/t1_acc improved by 0.017 >= min_delta = 0.001. New best score: 0.044
[rank: 1] Metric val/t1_acc improved by 0.017 >= min_delta = 0.001. New best score: 0.044
[rank: 1] Metric val/t1_acc improved by 0.047 >= min_delta = 0.001. New best score: 0.091
[rank: 0] Metric val/t1_acc improved by 0.047 >= min_delta = 0.001. New best score: 0.091
[rank: 1] Metric val/t1_acc improved by 0.073 >= min_delta = 0.001. New best score: 0.164
[rank: 0] Metric val/t1_acc improved by 0.073 >= min_delta = 0.001. New best score: 0.164
[rank: 1] Metric val/t1_acc improved by 0.072 >= min_delta = 0.001. New best score: 0.236
[rank: 0] Metric val/t1_acc improved by 0.072 >= min_delta = 0.001. New best score: 0.236
[rank: 0] Metric val/t1_acc improved by 0.062 >= min_delta = 0.001. New best score: 0.299
[rank: 1] Metric val/t1_acc improved by 0.062 >= min_delta = 0.001. New best score: 0.299
[rank: 0] Metric val/t1_acc improved by 0.067 >= min_delta = 0.001. New best score: 0.366
[rank: 1] Metric val/t1_acc improved by 0.067 >= min_delta = 0.001. New best score: 0.366
[rank: 0] Metric val/t1_acc improved by 0.061 >= min_delta = 0.001. New best score: 0.427
[rank: 1] Metric val/t1_acc improved by 0.061 >= min_delta = 0.001. New best score: 0.427
[rank: 0] Metric val/t1_acc improved by 0.053 >= min_delta = 0.001. New best score: 0.480
[rank: 1] Metric val/t1_acc improved by 0.053 >= min_delta = 0.001. New best score: 0.480
[rank: 1] Metric val/t1_acc improved by 0.049 >= min_delta = 0.001. New best score: 0.529
[rank: 0] Metric val/t1_acc improved by 0.049 >= min_delta = 0.001. New best score: 0.529
[rank: 1] Metric val/t1_acc improved by 0.047 >= min_delta = 0.001. New best score: 0.576
[rank: 0] Metric val/t1_acc improved by 0.047 >= min_delta = 0.001. New best score: 0.576
[rank: 1] Metric val/t1_acc improved by 0.025 >= min_delta = 0.001. New best score: 0.601
[rank: 0] Metric val/t1_acc improved by 0.025 >= min_delta = 0.001. New best score: 0.601
[rank: 0] Metric val/t1_acc improved by 0.029 >= min_delta = 0.001. New best score: 0.630
[rank: 1] Metric val/t1_acc improved by 0.029 >= min_delta = 0.001. New best score: 0.630
[rank: 1] Metric val/t1_acc improved by 0.016 >= min_delta = 0.001. New best score: 0.647
[rank: 0] Metric val/t1_acc improved by 0.016 >= min_delta = 0.001. New best score: 0.647
[rank: 1] Metric val/t1_acc improved by 0.017 >= min_delta = 0.001. New best score: 0.664
[rank: 0] Metric val/t1_acc improved by 0.017 >= min_delta = 0.001. New best score: 0.664
[rank: 1] Metric val/t1_acc improved by 0.011 >= min_delta = 0.001. New best score: 0.675
[rank: 0] Metric val/t1_acc improved by 0.011 >= min_delta = 0.001. New best score: 0.675
[rank: 0] Metric val/t1_acc improved by 0.015 >= min_delta = 0.001. New best score: 0.690
[rank: 1] Metric val/t1_acc improved by 0.015 >= min_delta = 0.001. New best score: 0.690
[rank: 1] Metric val/t1_acc improved by 0.007 >= min_delta = 0.001. New best score: 0.697
[rank: 0] Metric val/t1_acc improved by 0.007 >= min_delta = 0.001. New best score: 0.697
[rank: 1] Metric val/t1_acc improved by 0.014 >= min_delta = 0.001. New best score: 0.712
[rank: 0] Metric val/t1_acc improved by 0.014 >= min_delta = 0.001. New best score: 0.712
[rank: 1] Metric val/t1_acc improved by 0.006 >= min_delta = 0.001. New best score: 0.717
[rank: 0] Metric val/t1_acc improved by 0.006 >= min_delta = 0.001. New best score: 0.717
[rank: 1] Metric val/t1_acc improved by 0.006 >= min_delta = 0.001. New best score: 0.723
[rank: 0] Metric val/t1_acc improved by 0.006 >= min_delta = 0.001. New best score: 0.723
[rank: 0] Metric val/t1_acc improved by 0.004 >= min_delta = 0.001. New best score: 0.727
[rank: 1] Metric val/t1_acc improved by 0.004 >= min_delta = 0.001. New best score: 0.727
[rank: 0] Metric val/t1_acc improved by 0.015 >= min_delta = 0.001. New best score: 0.743
[rank: 1] Metric val/t1_acc improved by 0.015 >= min_delta = 0.001. New best score: 0.743
[rank: 0] Metric val/t1_acc improved by 0.007 >= min_delta = 0.001. New best score: 0.749
[rank: 1] Metric val/t1_acc improved by 0.007 >= min_delta = 0.001. New best score: 0.749
[rank: 0] Metric val/t1_acc improved by 0.010 >= min_delta = 0.001. New best score: 0.759
[rank: 1] Metric val/t1_acc improved by 0.010 >= min_delta = 0.001. New best score: 0.759
[rank: 0] Metric val/t1_acc improved by 0.007 >= min_delta = 0.001. New best score: 0.766
[rank: 1] Metric val/t1_acc improved by 0.007 >= min_delta = 0.001. New best score: 0.766
[rank: 0] Metric val/t1_acc improved by 0.012 >= min_delta = 0.001. New best score: 0.778
[rank: 1] Metric val/t1_acc improved by 0.012 >= min_delta = 0.001. New best score: 0.778
[rank: 0] Metric val/t1_acc improved by 0.002 >= min_delta = 0.001. New best score: 0.780
[rank: 1] Metric val/t1_acc improved by 0.002 >= min_delta = 0.001. New best score: 0.780
[rank: 0] Metric val/t1_acc improved by 0.005 >= min_delta = 0.001. New best score: 0.785
[rank: 1] Metric val/t1_acc improved by 0.005 >= min_delta = 0.001. New best score: 0.785
[rank: 0] Metric val/t1_acc improved by 0.008 >= min_delta = 0.001. New best score: 0.793
[rank: 1] Metric val/t1_acc improved by 0.008 >= min_delta = 0.001. New best score: 0.793
[rank: 0] Metric val/t1_acc improved by 0.031 >= min_delta = 0.001. New best score: 0.824
[rank: 1] Metric val/t1_acc improved by 0.031 >= min_delta = 0.001. New best score: 0.824
[rank: 0] Metric val/t1_acc improved by 0.002 >= min_delta = 0.001. New best score: 0.826
[rank: 1] Metric val/t1_acc improved by 0.002 >= min_delta = 0.001. New best score: 0.826
[rank: 0] Metric val/t1_acc improved by 0.003 >= min_delta = 0.001. New best score: 0.829
[rank: 1] Metric val/t1_acc improved by 0.003 >= min_delta = 0.001. New best score: 0.829
[rank: 1] Metric val/t1_acc improved by 0.001 >= min_delta = 0.001. New best score: 0.830
[rank: 0] Metric val/t1_acc improved by 0.001 >= min_delta = 0.001. New best score: 0.830
[rank: 1] Metric val/t1_acc improved by 0.004 >= min_delta = 0.001. New best score: 0.834
[rank: 0] Metric val/t1_acc improved by 0.004 >= min_delta = 0.001. New best score: 0.834
[rank: 0] Metric val/t1_acc improved by 0.005 >= min_delta = 0.001. New best score: 0.839
[rank: 1] Metric val/t1_acc improved by 0.005 >= min_delta = 0.001. New best score: 0.839
[rank: 0] Monitored metric val/t1_acc did not improve in the last 10 records. Best score: 0.839. Signaling Trainer to stop.
[rank: 1] Monitored metric val/t1_acc did not improve in the last 10 records. Best score: 0.839. Signaling Trainer to stop.
