wandb: Using wandb-core as the SDK backend.  Please refer to https://wandb.me/wandb-core for more information.
wandb: Currently logged in as: sjaiswa3 (diffusion-stepbystep) to https://api.wandb.ai. Use `wandb login --relogin` to force relogin
wandb: Tracking run with wandb version 0.19.9
wandb: Run data is saved locally in /data/user_data/mprabhud/shantanu/vlr_project_logs2/wandb/run-20250421_233744-ucqc5shj
wandb: Run `wandb offline` to turn off syncing.
wandb: Syncing run 32x2
wandb: â­ï¸ View project at https://wandb.ai/diffusion-stepbystep/vlr-project
wandb: ðŸš€ View run at https://wandb.ai/diffusion-stepbystep/vlr-project/runs/ucqc5shj
Run id: ucqc5shj
SLURM_JOB_ID: 4618857
SLURM_ARRAY_TASK_ID: N/A
/data/user_data/mprabhud/mamba/envs/vlr_project/lib/python3.13/site-packages/lightning/fabric/plugins/environments/slurm.py:204: The `srun` command is available on your system but is not used. HINT: If your intention is to run Lightning on SLURM, prepend your python command with `srun` like so: srun python train.py patch_size=32 num_layers=2 exp_group=vary_p ...
GPU available: True (cuda), used: True
TPU available: False, using: 0 TPU cores
HPU available: False, using: 0 HPUs
You are using a CUDA device ('NVIDIA L40S') that has Tensor Cores. To properly utilize them, you should set `torch.set_float32_matmul_precision('medium' | 'high')` which will trade-off precision for performance. For more details, read https://pytorch.org/docs/stable/generated/torch.set_float32_matmul_precision.html#torch.set_float32_matmul_precision
LOCAL_RANK: 0 - CUDA_VISIBLE_DEVICES: [0]

  | Name            | Type             | Params | Mode 
-------------------------------------------------------------
0 | model           | ViT              | 20.2 M | train
1 | resize_image    | Compose          | 0      | train
2 | norm_image      | Compose          | 0      | train
3 | resize_and_norm | Compose          | 0      | train
4 | crit            | CrossEntropyLoss | 0      | train
-------------------------------------------------------------
20.2 M    Trainable params
0         Non-trainable params
20.2 M    Total params
80.852    Total estimated model params size (MB)
40        Modules in train mode
0         Modules in eval mode
Metric val/t1_acc improved. New best score: 0.006
Metric val/t1_acc improved by 0.002 >= min_delta = 0.001. New best score: 0.007
Metric val/t1_acc improved by 0.001 >= min_delta = 0.001. New best score: 0.008
Metric val/t1_acc improved by 0.001 >= min_delta = 0.001. New best score: 0.009
Metric val/t1_acc improved by 0.001 >= min_delta = 0.001. New best score: 0.011
Metric val/t1_acc improved by 0.002 >= min_delta = 0.001. New best score: 0.013
Metric val/t1_acc improved by 0.003 >= min_delta = 0.001. New best score: 0.015
Metric val/t1_acc improved by 0.002 >= min_delta = 0.001. New best score: 0.017
Metric val/t1_acc improved by 0.002 >= min_delta = 0.001. New best score: 0.019
Metric val/t1_acc improved by 0.003 >= min_delta = 0.001. New best score: 0.022
Metric val/t1_acc improved by 0.002 >= min_delta = 0.001. New best score: 0.024
Metric val/t1_acc improved by 0.002 >= min_delta = 0.001. New best score: 0.025
Metric val/t1_acc improved by 0.004 >= min_delta = 0.001. New best score: 0.029
Metric val/t1_acc improved by 0.002 >= min_delta = 0.001. New best score: 0.031
Metric val/t1_acc improved by 0.002 >= min_delta = 0.001. New best score: 0.033
Metric val/t1_acc improved by 0.001 >= min_delta = 0.001. New best score: 0.034
Metric val/t1_acc improved by 0.001 >= min_delta = 0.001. New best score: 0.035
Metric val/t1_acc improved by 0.001 >= min_delta = 0.001. New best score: 0.037
Monitored metric val/t1_acc did not improve in the last 10 records. Best score: 0.037. Signaling Trainer to stop.
