wandb: Using wandb-core as the SDK backend.  Please refer to https://wandb.me/wandb-core for more information.
wandb: Currently logged in as: sjaiswa3 (diffusion-stepbystep) to https://api.wandb.ai. Use `wandb login --relogin` to force relogin
wandb: Tracking run with wandb version 0.19.9
wandb: Run data is saved locally in /data/user_data/mprabhud/shantanu/vlr_project_logs2/wandb/run-20250422_003954-64324g6c
wandb: Run `wandb offline` to turn off syncing.
wandb: Syncing run 64x6x12h
wandb: â­ï¸ View project at https://wandb.ai/diffusion-stepbystep/vlr-project
wandb: ðŸš€ View run at https://wandb.ai/diffusion-stepbystep/vlr-project/runs/64324g6c
Run id: 64324g6c
SLURM_JOB_ID: 4619440
SLURM_ARRAY_TASK_ID: N/A
/data/user_data/mprabhud/mamba/envs/vlr_project/lib/python3.13/site-packages/lightning/fabric/plugins/environments/slurm.py:204: The `srun` command is available on your system but is not used. HINT: If your intention is to run Lightning on SLURM, prepend your python command with `srun` like so: srun python train.py patch_size=64 num_layers=6 num_heads=12 exp ...
GPU available: True (cuda), used: True
TPU available: False, using: 0 TPU cores
HPU available: False, using: 0 HPUs
You are using a CUDA device ('NVIDIA RTX A6000') that has Tensor Cores. To properly utilize them, you should set `torch.set_float32_matmul_precision('medium' | 'high')` which will trade-off precision for performance. For more details, read https://pytorch.org/docs/stable/generated/torch.set_float32_matmul_precision.html#torch.set_float32_matmul_precision
LOCAL_RANK: 0 - CUDA_VISIBLE_DEVICES: [0]

  | Name            | Type             | Params | Mode 
-------------------------------------------------------------
0 | model           | ViT              | 56.8 M | train
1 | resize_image    | Compose          | 0      | train
2 | norm_image      | Compose          | 0      | train
3 | resize_and_norm | Compose          | 0      | train
4 | crit            | CrossEntropyLoss | 0      | train
-------------------------------------------------------------
56.8 M    Trainable params
0         Non-trainable params
56.8 M    Total params
227.054   Total estimated model params size (MB)
88        Modules in train mode
0         Modules in eval mode
Metric val/t1_acc improved. New best score: 0.035
Metric val/t1_acc improved by 0.024 >= min_delta = 0.001. New best score: 0.059
Metric val/t1_acc improved by 0.167 >= min_delta = 0.001. New best score: 0.226
Metric val/t1_acc improved by 0.469 >= min_delta = 0.001. New best score: 0.695
Metric val/t1_acc improved by 0.121 >= min_delta = 0.001. New best score: 0.817
Metric val/t1_acc improved by 0.028 >= min_delta = 0.001. New best score: 0.845
Metric val/t1_acc improved by 0.023 >= min_delta = 0.001. New best score: 0.868
Metric val/t1_acc improved by 0.016 >= min_delta = 0.001. New best score: 0.884
Metric val/t1_acc improved by 0.003 >= min_delta = 0.001. New best score: 0.888
Metric val/t1_acc improved by 0.008 >= min_delta = 0.001. New best score: 0.896
Metric val/t1_acc improved by 0.013 >= min_delta = 0.001. New best score: 0.909
Metric val/t1_acc improved by 0.012 >= min_delta = 0.001. New best score: 0.921
Metric val/t1_acc improved by 0.004 >= min_delta = 0.001. New best score: 0.925
Metric val/t1_acc improved by 0.008 >= min_delta = 0.001. New best score: 0.933
Metric val/t1_acc improved by 0.003 >= min_delta = 0.001. New best score: 0.936
Metric val/t1_acc improved by 0.007 >= min_delta = 0.001. New best score: 0.943
Metric val/t1_acc improved by 0.003 >= min_delta = 0.001. New best score: 0.947
Metric val/t1_acc improved by 0.003 >= min_delta = 0.001. New best score: 0.950
Metric val/t1_acc improved by 0.001 >= min_delta = 0.001. New best score: 0.951
Metric val/t1_acc improved by 0.004 >= min_delta = 0.001. New best score: 0.956
Metric val/t1_acc improved by 0.004 >= min_delta = 0.001. New best score: 0.960
Metric val/t1_acc improved by 0.001 >= min_delta = 0.001. New best score: 0.961
Metric val/t1_acc improved by 0.002 >= min_delta = 0.001. New best score: 0.963
Monitored metric val/t1_acc did not improve in the last 10 records. Best score: 0.963. Signaling Trainer to stop.
