wandb: Using wandb-core as the SDK backend.  Please refer to https://wandb.me/wandb-core for more information.
wandb: Currently logged in as: sjaiswa3 (diffusion-stepbystep) to https://api.wandb.ai. Use `wandb login --relogin` to force relogin
wandb: Tracking run with wandb version 0.19.9
wandb: Run data is saved locally in /data/user_data/mprabhud/shantanu/vlr_project_logs2/wandb/run-20250422_004626-2c3lzm1o
wandb: Run `wandb offline` to turn off syncing.
wandb: Syncing run 64x6x16h_save_every3epochs
wandb: â­ï¸ View project at https://wandb.ai/diffusion-stepbystep/vlr-project
wandb: ðŸš€ View run at https://wandb.ai/diffusion-stepbystep/vlr-project/runs/2c3lzm1o
Run id: 2c3lzm1o
SLURM_JOB_ID: 4619483
SLURM_ARRAY_TASK_ID: N/A
/data/user_data/mprabhud/mamba/envs/vlr_project/lib/python3.13/site-packages/lightning/fabric/plugins/environments/slurm.py:204: The `srun` command is available on your system but is not used. HINT: If your intention is to run Lightning on SLURM, prepend your python command with `srun` like so: srun python train.py patch_size=64 num_layers=6 num_heads=16 exp ...
GPU available: True (cuda), used: True
TPU available: False, using: 0 TPU cores
HPU available: False, using: 0 HPUs
You are using a CUDA device ('NVIDIA L40S') that has Tensor Cores. To properly utilize them, you should set `torch.set_float32_matmul_precision('medium' | 'high')` which will trade-off precision for performance. For more details, read https://pytorch.org/docs/stable/generated/torch.set_float32_matmul_precision.html#torch.set_float32_matmul_precision
LOCAL_RANK: 0 - CUDA_VISIBLE_DEVICES: [0]

  | Name            | Type             | Params | Mode 
-------------------------------------------------------------
0 | model           | ViT              | 63.1 M | train
1 | resize_image    | Compose          | 0      | train
2 | norm_image      | Compose          | 0      | train
3 | resize_and_norm | Compose          | 0      | train
4 | crit            | CrossEntropyLoss | 0      | train
-------------------------------------------------------------
63.1 M    Trainable params
0         Non-trainable params
63.1 M    Total params
252.220   Total estimated model params size (MB)
88        Modules in train mode
0         Modules in eval mode
Metric val/t1_acc improved. New best score: 0.039
Metric val/t1_acc improved by 0.036 >= min_delta = 0.001. New best score: 0.074
Metric val/t1_acc improved by 0.434 >= min_delta = 0.001. New best score: 0.509
Metric val/t1_acc improved by 0.284 >= min_delta = 0.001. New best score: 0.793
Metric val/t1_acc improved by 0.046 >= min_delta = 0.001. New best score: 0.838
Metric val/t1_acc improved by 0.031 >= min_delta = 0.001. New best score: 0.869
Metric val/t1_acc improved by 0.010 >= min_delta = 0.001. New best score: 0.879
Metric val/t1_acc improved by 0.013 >= min_delta = 0.001. New best score: 0.892
Metric val/t1_acc improved by 0.020 >= min_delta = 0.001. New best score: 0.912
Metric val/t1_acc improved by 0.005 >= min_delta = 0.001. New best score: 0.917
Metric val/t1_acc improved by 0.005 >= min_delta = 0.001. New best score: 0.922
Metric val/t1_acc improved by 0.003 >= min_delta = 0.001. New best score: 0.925
Metric val/t1_acc improved by 0.006 >= min_delta = 0.001. New best score: 0.931
Metric val/t1_acc improved by 0.007 >= min_delta = 0.001. New best score: 0.938
Metric val/t1_acc improved by 0.001 >= min_delta = 0.001. New best score: 0.939
Metric val/t1_acc improved by 0.014 >= min_delta = 0.001. New best score: 0.954
Metric val/t1_acc improved by 0.003 >= min_delta = 0.001. New best score: 0.957
Metric val/t1_acc improved by 0.002 >= min_delta = 0.001. New best score: 0.959
Metric val/t1_acc improved by 0.001 >= min_delta = 0.001. New best score: 0.960
Metric val/t1_acc improved by 0.003 >= min_delta = 0.001. New best score: 0.963
Monitored metric val/t1_acc did not improve in the last 10 records. Best score: 0.963. Signaling Trainer to stop.
