wandb: Using wandb-core as the SDK backend.  Please refer to https://wandb.me/wandb-core for more information.
wandb: Currently logged in as: sjaiswa3 (diffusion-stepbystep) to https://api.wandb.ai. Use `wandb login --relogin` to force relogin
wandb: creating run
wandb: Tracking run with wandb version 0.19.9
wandb: Run data is saved locally in /data/user_data/mprabhud/shantanu/vlr_project_logs2/wandb/run-20250422_042734-pks2huin
wandb: Run `wandb offline` to turn off syncing.
wandb: Syncing run 128x6
wandb: ⭐️ View project at https://wandb.ai/diffusion-stepbystep/vlr-project
wandb: 🚀 View run at https://wandb.ai/diffusion-stepbystep/vlr-project/runs/pks2huin
Run id: pks2huin

Loaded checkpoint: /data/user_data/mprabhud/shantanu/vlr_project_logs2/vlr-project/128x6/checkpoints/last.ckpt
Ignored keys: <All keys matched successfully>

SLURM_JOB_ID: 4618861
SLURM_ARRAY_TASK_ID: N/A
/data/user_data/mprabhud/mamba/envs/vlr_project/lib/python3.13/site-packages/lightning/fabric/plugins/environments/slurm.py:204: The `srun` command is available on your system but is not used. HINT: If your intention is to run Lightning on SLURM, prepend your python command with `srun` like so: srun python train.py patch_size=128 num_layers=6 exp_group=vary_ ...
GPU available: True (cuda), used: True
TPU available: False, using: 0 TPU cores
HPU available: False, using: 0 HPUs
You are using a CUDA device ('NVIDIA L40S') that has Tensor Cores. To properly utilize them, you should set `torch.set_float32_matmul_precision('medium' | 'high')` which will trade-off precision for performance. For more details, read https://pytorch.org/docs/stable/generated/torch.set_float32_matmul_precision.html#torch.set_float32_matmul_precision
/data/user_data/mprabhud/mamba/envs/vlr_project/lib/python3.13/site-packages/lightning/pytorch/callbacks/model_checkpoint.py:654: Checkpoint directory /data/user_data/mprabhud/shantanu/vlr_project_logs2/vlr-project/128x6/checkpoints exists and is not empty.
Restoring states from the checkpoint path at /data/user_data/mprabhud/shantanu/vlr_project_logs2/vlr-project/128x6/checkpoints/last.ckpt
LOCAL_RANK: 0 - CUDA_VISIBLE_DEVICES: [0]

  | Name            | Type             | Params | Mode 
-------------------------------------------------------------
0 | model           | ViT              | 100 M  | train
1 | resize_image    | Compose          | 0      | train
2 | norm_image      | Compose          | 0      | train
3 | resize_and_norm | Compose          | 0      | train
4 | crit            | CrossEntropyLoss | 0      | train
-------------------------------------------------------------
100 M     Trainable params
0         Non-trainable params
100 M     Total params
403.313   Total estimated model params size (MB)
88        Modules in train mode
0         Modules in eval mode
Restored all states from the checkpoint at /data/user_data/mprabhud/shantanu/vlr_project_logs2/vlr-project/128x6/checkpoints/last.ckpt
Monitored metric val/t1_acc did not improve in the last 11 records. Best score: 0.973. Signaling Trainer to stop.
