wandb: Using wandb-core as the SDK backend.  Please refer to https://wandb.me/wandb-core for more information.
wandb: Currently logged in as: sjaiswa3 (diffusion-stepbystep) to https://api.wandb.ai. Use `wandb login --relogin` to force relogin
wandb: Tracking run with wandb version 0.19.9
wandb: Run data is saved locally in /data/user_data/mprabhud/shantanu/vlr_project_logs2/wandb/run-20250422_003954-jscfdeh9
wandb: Run `wandb offline` to turn off syncing.
wandb: Syncing run 64x6x8h
wandb: â­ï¸ View project at https://wandb.ai/diffusion-stepbystep/vlr-project
wandb: ðŸš€ View run at https://wandb.ai/diffusion-stepbystep/vlr-project/runs/jscfdeh9
Run id: jscfdeh9
SLURM_JOB_ID: 4619439
SLURM_ARRAY_TASK_ID: N/A
/data/user_data/mprabhud/mamba/envs/vlr_project/lib/python3.13/site-packages/lightning/fabric/plugins/environments/slurm.py:204: The `srun` command is available on your system but is not used. HINT: If your intention is to run Lightning on SLURM, prepend your python command with `srun` like so: srun python train.py patch_size=64 num_layers=6 num_heads=8 exp_ ...
GPU available: True (cuda), used: True
TPU available: False, using: 0 TPU cores
HPU available: False, using: 0 HPUs
You are using a CUDA device ('NVIDIA L40S') that has Tensor Cores. To properly utilize them, you should set `torch.set_float32_matmul_precision('medium' | 'high')` which will trade-off precision for performance. For more details, read https://pytorch.org/docs/stable/generated/torch.set_float32_matmul_precision.html#torch.set_float32_matmul_precision
LOCAL_RANK: 0 - CUDA_VISIBLE_DEVICES: [0]

  | Name            | Type             | Params | Mode 
-------------------------------------------------------------
0 | model           | ViT              | 50.5 M | train
1 | resize_image    | Compose          | 0      | train
2 | norm_image      | Compose          | 0      | train
3 | resize_and_norm | Compose          | 0      | train
4 | crit            | CrossEntropyLoss | 0      | train
-------------------------------------------------------------
50.5 M    Trainable params
0         Non-trainable params
50.5 M    Total params
201.888   Total estimated model params size (MB)
88        Modules in train mode
0         Modules in eval mode
Metric val/t1_acc improved. New best score: 0.036
Metric val/t1_acc improved by 0.032 >= min_delta = 0.001. New best score: 0.068
Metric val/t1_acc improved by 0.410 >= min_delta = 0.001. New best score: 0.477
Metric val/t1_acc improved by 0.295 >= min_delta = 0.001. New best score: 0.773
Metric val/t1_acc improved by 0.036 >= min_delta = 0.001. New best score: 0.809
Metric val/t1_acc improved by 0.046 >= min_delta = 0.001. New best score: 0.854
Metric val/t1_acc improved by 0.003 >= min_delta = 0.001. New best score: 0.858
Metric val/t1_acc improved by 0.039 >= min_delta = 0.001. New best score: 0.897
Metric val/t1_acc improved by 0.006 >= min_delta = 0.001. New best score: 0.903
Metric val/t1_acc improved by 0.004 >= min_delta = 0.001. New best score: 0.907
Metric val/t1_acc improved by 0.020 >= min_delta = 0.001. New best score: 0.927
Metric val/t1_acc improved by 0.002 >= min_delta = 0.001. New best score: 0.929
Metric val/t1_acc improved by 0.004 >= min_delta = 0.001. New best score: 0.932
Metric val/t1_acc improved by 0.002 >= min_delta = 0.001. New best score: 0.935
Metric val/t1_acc improved by 0.002 >= min_delta = 0.001. New best score: 0.936
Metric val/t1_acc improved by 0.010 >= min_delta = 0.001. New best score: 0.947
Metric val/t1_acc improved by 0.004 >= min_delta = 0.001. New best score: 0.951
Metric val/t1_acc improved by 0.010 >= min_delta = 0.001. New best score: 0.961
Monitored metric val/t1_acc did not improve in the last 10 records. Best score: 0.961. Signaling Trainer to stop.
