wandb: Using wandb-core as the SDK backend.  Please refer to https://wandb.me/wandb-core for more information.
wandb: Currently logged in as: sjaiswa3 (diffusion-stepbystep) to https://api.wandb.ai. Use `wandb login --relogin` to force relogin
wandb: Tracking run with wandb version 0.19.9
wandb: Run data is saved locally in /data/user_data/mprabhud/shantanu/vlr_project_logs2/wandb/run-20250421_233741-grt3e7uy
wandb: Run `wandb offline` to turn off syncing.
wandb: Syncing run 64x4
wandb: â­ï¸ View project at https://wandb.ai/diffusion-stepbystep/vlr-project
wandb: ðŸš€ View run at https://wandb.ai/diffusion-stepbystep/vlr-project/runs/grt3e7uy
Run id: grt3e7uy
SLURM_JOB_ID: 4618859
SLURM_ARRAY_TASK_ID: N/A
/data/user_data/mprabhud/mamba/envs/vlr_project/lib/python3.13/site-packages/lightning/fabric/plugins/environments/slurm.py:204: The `srun` command is available on your system but is not used. HINT: If your intention is to run Lightning on SLURM, prepend your python command with `srun` like so: srun python train.py patch_size=64 num_layers=4 exp_group=vary_p ...
GPU available: True (cuda), used: True
TPU available: False, using: 0 TPU cores
HPU available: False, using: 0 HPUs
You are using a CUDA device ('NVIDIA RTX 6000 Ada Generation') that has Tensor Cores. To properly utilize them, you should set `torch.set_float32_matmul_precision('medium' | 'high')` which will trade-off precision for performance. For more details, read https://pytorch.org/docs/stable/generated/torch.set_float32_matmul_precision.html#torch.set_float32_matmul_precision
LOCAL_RANK: 0 - CUDA_VISIBLE_DEVICES: [0]

  | Name            | Type             | Params | Mode 
-------------------------------------------------------------
0 | model           | ViT              | 46.3 M | train
1 | resize_image    | Compose          | 0      | train
2 | norm_image      | Compose          | 0      | train
3 | resize_and_norm | Compose          | 0      | train
4 | crit            | CrossEntropyLoss | 0      | train
-------------------------------------------------------------
46.3 M    Trainable params
0         Non-trainable params
46.3 M    Total params
185.053   Total estimated model params size (MB)
64        Modules in train mode
0         Modules in eval mode
Metric val/t1_acc improved. New best score: 0.019
Metric val/t1_acc improved by 0.001 >= min_delta = 0.001. New best score: 0.020
Metric val/t1_acc improved by 0.002 >= min_delta = 0.001. New best score: 0.021
Metric val/t1_acc improved by 0.003 >= min_delta = 0.001. New best score: 0.025
Metric val/t1_acc improved by 0.002 >= min_delta = 0.001. New best score: 0.027
Metric val/t1_acc improved by 0.002 >= min_delta = 0.001. New best score: 0.029
Metric val/t1_acc improved by 0.002 >= min_delta = 0.001. New best score: 0.031
Metric val/t1_acc improved by 0.007 >= min_delta = 0.001. New best score: 0.038
Metric val/t1_acc improved by 0.013 >= min_delta = 0.001. New best score: 0.050
Metric val/t1_acc improved by 0.041 >= min_delta = 0.001. New best score: 0.091
Metric val/t1_acc improved by 0.108 >= min_delta = 0.001. New best score: 0.199
Metric val/t1_acc improved by 0.159 >= min_delta = 0.001. New best score: 0.358
Metric val/t1_acc improved by 0.181 >= min_delta = 0.001. New best score: 0.539
Metric val/t1_acc improved by 0.119 >= min_delta = 0.001. New best score: 0.658
Metric val/t1_acc improved by 0.058 >= min_delta = 0.001. New best score: 0.716
Metric val/t1_acc improved by 0.048 >= min_delta = 0.001. New best score: 0.764
Metric val/t1_acc improved by 0.037 >= min_delta = 0.001. New best score: 0.800
Metric val/t1_acc improved by 0.010 >= min_delta = 0.001. New best score: 0.810
Metric val/t1_acc improved by 0.027 >= min_delta = 0.001. New best score: 0.837
Metric val/t1_acc improved by 0.027 >= min_delta = 0.001. New best score: 0.864
Metric val/t1_acc improved by 0.008 >= min_delta = 0.001. New best score: 0.872
Metric val/t1_acc improved by 0.009 >= min_delta = 0.001. New best score: 0.881
Metric val/t1_acc improved by 0.014 >= min_delta = 0.001. New best score: 0.895
Metric val/t1_acc improved by 0.006 >= min_delta = 0.001. New best score: 0.901
Metric val/t1_acc improved by 0.005 >= min_delta = 0.001. New best score: 0.906
Metric val/t1_acc improved by 0.006 >= min_delta = 0.001. New best score: 0.911
Metric val/t1_acc improved by 0.012 >= min_delta = 0.001. New best score: 0.923
Metric val/t1_acc improved by 0.002 >= min_delta = 0.001. New best score: 0.925
Metric val/t1_acc improved by 0.002 >= min_delta = 0.001. New best score: 0.927
Metric val/t1_acc improved by 0.004 >= min_delta = 0.001. New best score: 0.931
Monitored metric val/t1_acc did not improve in the last 10 records. Best score: 0.931. Signaling Trainer to stop.
